<?xml version="1.0" encoding="UTF-8"?>
<testsuite name="com.devdoc.backend.BackendApplicationTests" tests="1" skipped="0" failures="0" errors="0" timestamp="2024-07-04T01:31:58" hostname="DESKTOP-DL6L5DR" time="0.434">
  <properties/>
  <testcase name="contextLoads()" classname="com.devdoc.backend.BackendApplicationTests" time="0.434"/>
  <system-out><![CDATA[10:31:53.504 [Test worker] INFO org.springframework.test.context.support.AnnotationConfigContextLoaderUtils -- Could not detect default configuration classes for test class [com.devdoc.backend.BackendApplicationTests]: BackendApplicationTests does not declare any static, non-private, non-final, nested classes annotated with @Configuration.
10:31:53.617 [Test worker] INFO org.springframework.boot.test.context.SpringBootTestContextBootstrapper -- Found @SpringBootConfiguration com.devdoc.backend.BackendApplication for test class com.devdoc.backend.BackendApplicationTests

  .   ____          _            __ _ _
 /\\ / ___'_ __ _ _(_)_ __  __ _ \ \ \ \
( ( )\___ | '_ | '_| | '_ \/ _` | \ \ \ \
 \\/  ___)| |_)| | | | | || (_| |  ) ) ) )
  '  |____| .__|_| |_|_| |_\__, | / / / /
 =========|_|==============|___/=/_/_/_/
 :: Spring Boot ::                (v3.2.7)

2024-07-04T10:31:54.029+09:00  INFO 49044 --- [backend] [    Test worker] c.d.backend.BackendApplicationTests      : Starting BackendApplicationTests using Java 17.0.6 with PID 49044 (started by 82108 in C:\Users\82108\IdeaProjects\0702-backend)
2024-07-04T10:31:54.030+09:00  INFO 49044 --- [backend] [    Test worker] c.d.backend.BackendApplicationTests      : No active profile set, falling back to 1 default profile: "default"
2024-07-04T10:31:54.837+09:00  INFO 49044 --- [backend] [    Test worker] .s.d.r.c.RepositoryConfigurationDelegate : Bootstrapping Spring Data JPA repositories in DEFAULT mode.
2024-07-04T10:31:54.937+09:00  INFO 49044 --- [backend] [    Test worker] .s.d.r.c.RepositoryConfigurationDelegate : Finished Spring Data repository scanning in 92 ms. Found 12 JPA repository interfaces.
2024-07-04T10:31:55.401+09:00  INFO 49044 --- [backend] [    Test worker] o.hibernate.jpa.internal.util.LogHelper  : HHH000204: Processing PersistenceUnitInfo [name: default]
2024-07-04T10:31:55.459+09:00  INFO 49044 --- [backend] [    Test worker] org.hibernate.Version                    : HHH000412: Hibernate ORM core version 6.4.9.Final
2024-07-04T10:31:55.499+09:00  INFO 49044 --- [backend] [    Test worker] o.h.c.internal.RegionFactoryInitiator    : HHH000026: Second-level cache disabled
2024-07-04T10:31:55.781+09:00  INFO 49044 --- [backend] [    Test worker] o.s.o.j.p.SpringPersistenceUnitInfo      : No LoadTimeWeaver setup: ignoring JPA class transformer
2024-07-04T10:31:55.810+09:00  INFO 49044 --- [backend] [    Test worker] com.zaxxer.hikari.HikariDataSource       : HikariPool-1 - Starting...
2024-07-04T10:31:55.983+09:00  INFO 49044 --- [backend] [    Test worker] com.zaxxer.hikari.pool.HikariPool        : HikariPool-1 - Added connection conn0: url=jdbc:h2:mem:testdb user=ROOT
2024-07-04T10:31:55.986+09:00  INFO 49044 --- [backend] [    Test worker] com.zaxxer.hikari.HikariDataSource       : HikariPool-1 - Start completed.
2024-07-04T10:31:56.343+09:00  WARN 49044 --- [backend] [    Test worker] org.hibernate.id.UUIDHexGenerator        : HHH000409: Using org.hibernate.id.UUIDHexGenerator which does not generate IETF RFC 4122 compliant UUID values; consider using org.hibernate.id.UUIDGenerator instead
2024-07-04T10:31:57.126+09:00  INFO 49044 --- [backend] [    Test worker] o.h.e.t.j.p.i.JtaPlatformInitiator       : HHH000489: No JTA platform available (set 'hibernate.transaction.jta.platform' to enable JTA platform integration)
2024-07-04T10:31:57.181+09:00  INFO 49044 --- [backend] [    Test worker] j.LocalContainerEntityManagerFactoryBean : Initialized JPA EntityManagerFactory for persistence unit 'default'
2024-07-04T10:31:57.824+09:00  WARN 49044 --- [backend] [    Test worker] JpaBaseConfiguration$JpaWebConfiguration : spring.jpa.open-in-view is enabled by default. Therefore, database queries may be performed during view rendering. Explicitly configure spring.jpa.open-in-view to disable this warning
2024-07-04T10:31:57.844+09:00  WARN 49044 --- [backend] [    Test worker] .s.s.UserDetailsServiceAutoConfiguration : 

Using generated security password: 5b943253-8677-438c-8a09-aafbee275052

This generated password is for development use only. Your security configuration must be updated before running your application in production.

2024-07-04T10:31:58.164+09:00  INFO 49044 --- [backend] [    Test worker] o.s.s.web.DefaultSecurityFilterChain     : Will secure any request with [org.springframework.security.web.session.DisableEncodeUrlFilter@3f54fabc, org.springframework.security.web.context.request.async.WebAsyncManagerIntegrationFilter@719e8f9f, org.springframework.security.web.context.SecurityContextHolderFilter@2c555efb, org.springframework.security.web.header.HeaderWriterFilter@5ec921f1, org.springframework.security.web.authentication.logout.LogoutFilter@7b1bb01c, com.devdoc.backend.security.JwtAuthenticationFilter@260fffec, org.springframework.security.web.savedrequest.RequestCacheAwareFilter@369f85c6, org.springframework.security.web.servletapi.SecurityContextHolderAwareRequestFilter@7ed6e557, org.springframework.security.web.authentication.AnonymousAuthenticationFilter@5122387, org.springframework.security.web.session.SessionManagementFilter@674b9b85, org.springframework.security.web.access.ExceptionTranslationFilter@326489c4, org.springframework.security.web.access.intercept.AuthorizationFilter@42718ebf]
2024-07-04T10:31:58.489+09:00  INFO 49044 --- [backend] [    Test worker] c.d.backend.BackendApplicationTests      : Started BackendApplicationTests in 4.714 seconds (process running for 5.987)
]]></system-out>
  <system-err><![CDATA[]]></system-err>
</testsuite>
